<?xml version="1.0" encoding="UTF-8"?>
<robot generator="Robot 3.1.1 (Python 3.7.2 on win32)" generated="20190507 06:36:06.937" rpa="false">
<suite id="s1" name="Test" source="D:\Year3\SOA2019_Group10\front-end\SeleniumTesting\test.robot">
<test id="s1-t1" name="Valid Login">
<kw name="Open Browser to test">
<kw name="Open Browser" library="SeleniumLibrary">
<doc>Opens a new browser instance to the given ``url``.</doc>
<arguments>
<arg>${LOGIN URL}</arg>
<arg>${BROWSER}</arg>
</arguments>
<msg timestamp="20190507 06:36:07.328" level="INFO">Opening browser 'Chrome' to base url 'http://localhost:8080/'.</msg>
<status status="PASS" starttime="20190507 06:36:07.327" endtime="20190507 06:36:31.519"></status>
</kw>
<kw name="Maximize Browser Window" library="SeleniumLibrary">
<doc>Maximizes current browser window.</doc>
<status status="PASS" starttime="20190507 06:36:31.519" endtime="20190507 06:36:32.652"></status>
</kw>
<kw name="Click Button" library="SeleniumLibrary">
<doc>Clicks button identified by ``locator``.</doc>
<arguments>
<arg>id:login-signup</arg>
</arguments>
<msg timestamp="20190507 06:36:32.652" level="INFO">Clicking button 'id:login-signup'.</msg>
<status status="PASS" starttime="20190507 06:36:32.652" endtime="20190507 06:36:32.770"></status>
</kw>
<status status="PASS" starttime="20190507 06:36:07.327" endtime="20190507 06:36:32.770"></status>
</kw>
<kw name="Input Username">
<arguments>
<arg>kukkikkpl</arg>
</arguments>
<kw name="Input Text" library="SeleniumLibrary">
<doc>Types the given ``text`` into text field identified by ``locator``.</doc>
<arguments>
<arg>id:username</arg>
<arg>${username}</arg>
</arguments>
<msg timestamp="20190507 06:36:32.772" level="INFO">Typing text 'kukkikkpl' into text field 'id:username'.</msg>
<status status="PASS" starttime="20190507 06:36:32.771" endtime="20190507 06:36:32.976"></status>
</kw>
<status status="PASS" starttime="20190507 06:36:32.771" endtime="20190507 06:36:32.976"></status>
</kw>
<kw name="Input Password">
<arguments>
<arg>12345678</arg>
</arguments>
<kw name="Input Text" library="SeleniumLibrary">
<doc>Types the given ``text`` into text field identified by ``locator``.</doc>
<arguments>
<arg>id:password</arg>
<arg>${password}</arg>
</arguments>
<msg timestamp="20190507 06:36:32.978" level="INFO">Typing text '12345678' into text field 'id:password'.</msg>
<status status="PASS" starttime="20190507 06:36:32.978" endtime="20190507 06:36:33.105"></status>
</kw>
<status status="PASS" starttime="20190507 06:36:32.977" endtime="20190507 06:36:33.105"></status>
</kw>
<kw name="Submit Credentials">
<kw name="Click Button" library="SeleniumLibrary">
<doc>Clicks button identified by ``locator``.</doc>
<arguments>
<arg>id:login-button</arg>
</arguments>
<msg timestamp="20190507 06:36:33.106" level="INFO">Clicking button 'id:login-button'.</msg>
<status status="PASS" starttime="20190507 06:36:33.106" endtime="20190507 06:36:33.176"></status>
</kw>
<status status="PASS" starttime="20190507 06:36:33.106" endtime="20190507 06:36:33.176"></status>
</kw>
<kw name="Welcome Page Should Be Open">
<kw name="Wait Until Page Does Not Contain Element" library="SeleniumLibrary">
<doc>Waits until element ``locator`` disappears from current page.</doc>
<arguments>
<arg>id:login-button</arg>
</arguments>
<kw name="Capture Page Screenshot" library="SeleniumLibrary">
<doc>Takes screenshot of the current page and embeds it into log file.</doc>
<msg timestamp="20190507 06:36:38.767" level="INFO" html="yes">&lt;/td&gt;&lt;/tr&gt;&lt;tr&gt;&lt;td colspan="3"&gt;&lt;a href="selenium-screenshot-7.png"&gt;&lt;img src="selenium-screenshot-7.png" width="800px"&gt;&lt;/a&gt;</msg>
<status status="PASS" starttime="20190507 06:36:38.343" endtime="20190507 06:36:38.767"></status>
</kw>
<msg timestamp="20190507 06:36:38.769" level="FAIL">Element 'id:login-button' did not disappear in 5 seconds.</msg>
<status status="FAIL" starttime="20190507 06:36:33.177" endtime="20190507 06:36:38.769"></status>
</kw>
<status status="FAIL" starttime="20190507 06:36:33.177" endtime="20190507 06:36:38.769"></status>
</kw>
<kw name="Close Browser" library="SeleniumLibrary" type="teardown">
<doc>Closes the current browser.</doc>
<status status="PASS" starttime="20190507 06:36:38.770" endtime="20190507 06:36:40.910"></status>
</kw>
<status status="FAIL" starttime="20190507 06:36:07.326" endtime="20190507 06:36:40.911" critical="yes">Element 'id:login-button' did not disappear in 5 seconds.</status>
</test>
<test id="s1-t2" name="Invalid Login">
<kw name="Open Browser to test">
<kw name="Open Browser" library="SeleniumLibrary">
<doc>Opens a new browser instance to the given ``url``.</doc>
<arguments>
<arg>${LOGIN URL}</arg>
<arg>${BROWSER}</arg>
</arguments>
<msg timestamp="20190507 06:36:40.918" level="INFO">Opening browser 'Chrome' to base url 'http://localhost:8080/'.</msg>
<status status="PASS" starttime="20190507 06:36:40.917" endtime="20190507 06:36:54.165"></status>
</kw>
<kw name="Maximize Browser Window" library="SeleniumLibrary">
<doc>Maximizes current browser window.</doc>
<status status="PASS" starttime="20190507 06:36:54.166" endtime="20190507 06:36:55.334"></status>
</kw>
<kw name="Click Button" library="SeleniumLibrary">
<doc>Clicks button identified by ``locator``.</doc>
<arguments>
<arg>id:login-signup</arg>
</arguments>
<msg timestamp="20190507 06:36:55.334" level="INFO">Clicking button 'id:login-signup'.</msg>
<status status="PASS" starttime="20190507 06:36:55.334" endtime="20190507 06:36:55.438"></status>
</kw>
<status status="PASS" starttime="20190507 06:36:40.917" endtime="20190507 06:36:55.438"></status>
</kw>
<kw name="Input Username">
<arguments>
<arg>kukkikkpl</arg>
</arguments>
<kw name="Input Text" library="SeleniumLibrary">
<doc>Types the given ``text`` into text field identified by ``locator``.</doc>
<arguments>
<arg>id:username</arg>
<arg>${username}</arg>
</arguments>
<msg timestamp="20190507 06:36:55.440" level="INFO">Typing text 'kukkikkpl' into text field 'id:username'.</msg>
<status status="PASS" starttime="20190507 06:36:55.439" endtime="20190507 06:36:55.617"></status>
</kw>
<status status="PASS" starttime="20190507 06:36:55.439" endtime="20190507 06:36:55.617"></status>
</kw>
<kw name="Input Password">
<arguments>
<arg>87654321</arg>
</arguments>
<kw name="Input Text" library="SeleniumLibrary">
<doc>Types the given ``text`` into text field identified by ``locator``.</doc>
<arguments>
<arg>id:password</arg>
<arg>${password}</arg>
</arguments>
<msg timestamp="20190507 06:36:55.618" level="INFO">Typing text '87654321' into text field 'id:password'.</msg>
<status status="PASS" starttime="20190507 06:36:55.618" endtime="20190507 06:36:55.755"></status>
</kw>
<status status="PASS" starttime="20190507 06:36:55.618" endtime="20190507 06:36:55.755"></status>
</kw>
<kw name="Submit Credentials">
<kw name="Click Button" library="SeleniumLibrary">
<doc>Clicks button identified by ``locator``.</doc>
<arguments>
<arg>id:login-button</arg>
</arguments>
<msg timestamp="20190507 06:36:55.756" level="INFO">Clicking button 'id:login-button'.</msg>
<status status="PASS" starttime="20190507 06:36:55.756" endtime="20190507 06:36:55.841"></status>
</kw>
<status status="PASS" starttime="20190507 06:36:55.756" endtime="20190507 06:36:55.841"></status>
</kw>
<kw name="Still on login page">
<kw name="Title Should Be" library="SeleniumLibrary">
<doc>Verifies that current page title equals ``title``.</doc>
<arguments>
<arg>Login</arg>
</arguments>
<msg timestamp="20190507 06:36:55.851" level="INFO">Page title is 'Login'.</msg>
<status status="PASS" starttime="20190507 06:36:55.842" endtime="20190507 06:36:55.851"></status>
</kw>
<status status="PASS" starttime="20190507 06:36:55.842" endtime="20190507 06:36:55.851"></status>
</kw>
<kw name="Close Browser" library="SeleniumLibrary" type="teardown">
<doc>Closes the current browser.</doc>
<status status="PASS" starttime="20190507 06:36:55.852" endtime="20190507 06:36:57.970"></status>
</kw>
<status status="PASS" starttime="20190507 06:36:40.916" endtime="20190507 06:36:57.971" critical="yes"></status>
</test>
<doc>Simple example using SeleniumLibrary.</doc>
<status status="FAIL" starttime="20190507 06:36:06.940" endtime="20190507 06:36:57.981"></status>
</suite>
<statistics>
<total>
<stat pass="1" fail="1">Critical Tests</stat>
<stat pass="1" fail="1">All Tests</stat>
</total>
<tag>
</tag>
<suite>
<stat pass="1" fail="1" id="s1" name="Test">Test</stat>
</suite>
</statistics>
<errors>
</errors>
</robot>
