<?xml version="1.0" encoding="UTF-8"?>
<robot generator="Robot 3.1.1 (Python 3.7.2 on win32)" generated="20190507 13:02:43.589" rpa="false">
<suite id="s1" name="Test" source="D:\Year3\SOA2019_Group10\front-end\SeleniumTesting\test.robot">
<test id="s1-t1" name="Valid Login">
<kw name="Open Browser to test">
<kw name="Open Browser" library="SeleniumLibrary">
<doc>Opens a new browser instance to the given ``url``.</doc>
<arguments>
<arg>${LOGIN URL}</arg>
<arg>${BROWSER}</arg>
</arguments>
<msg timestamp="20190507 13:02:43.982" level="INFO">Opening browser 'Chrome' to base url 'http://localhost:8080/'.</msg>
<status status="PASS" starttime="20190507 13:02:43.982" endtime="20190507 13:02:50.711"></status>
</kw>
<kw name="Maximize Browser Window" library="SeleniumLibrary">
<doc>Maximizes current browser window.</doc>
<status status="PASS" starttime="20190507 13:02:50.711" endtime="20190507 13:02:51.842"></status>
</kw>
<kw name="Click Button" library="SeleniumLibrary">
<doc>Clicks button identified by ``locator``.</doc>
<arguments>
<arg>id:login-signup</arg>
</arguments>
<msg timestamp="20190507 13:02:51.843" level="INFO">Clicking button 'id:login-signup'.</msg>
<status status="PASS" starttime="20190507 13:02:51.842" endtime="20190507 13:02:51.967"></status>
</kw>
<status status="PASS" starttime="20190507 13:02:43.980" endtime="20190507 13:02:51.967"></status>
</kw>
<kw name="Input Username">
<arguments>
<arg>kukkikkpl</arg>
</arguments>
<kw name="Input Text" library="SeleniumLibrary">
<doc>Types the given ``text`` into text field identified by ``locator``.</doc>
<arguments>
<arg>id:username</arg>
<arg>${username}</arg>
</arguments>
<msg timestamp="20190507 13:02:51.968" level="INFO">Typing text 'kukkikkpl' into text field 'id:username'.</msg>
<status status="PASS" starttime="20190507 13:02:51.968" endtime="20190507 13:02:52.159"></status>
</kw>
<status status="PASS" starttime="20190507 13:02:51.967" endtime="20190507 13:02:52.159"></status>
</kw>
<kw name="Input Password">
<arguments>
<arg>12345678</arg>
</arguments>
<kw name="Input Text" library="SeleniumLibrary">
<doc>Types the given ``text`` into text field identified by ``locator``.</doc>
<arguments>
<arg>id:password</arg>
<arg>${password}</arg>
</arguments>
<msg timestamp="20190507 13:02:52.161" level="INFO">Typing text '12345678' into text field 'id:password'.</msg>
<status status="PASS" starttime="20190507 13:02:52.161" endtime="20190507 13:02:52.340"></status>
</kw>
<status status="PASS" starttime="20190507 13:02:52.160" endtime="20190507 13:02:52.340"></status>
</kw>
<kw name="Submit Credentials">
<kw name="Click Button" library="SeleniumLibrary">
<doc>Clicks button identified by ``locator``.</doc>
<arguments>
<arg>id:login-button</arg>
</arguments>
<msg timestamp="20190507 13:02:52.342" level="INFO">Clicking button 'id:login-button'.</msg>
<status status="PASS" starttime="20190507 13:02:52.342" endtime="20190507 13:02:52.438"></status>
</kw>
<status status="PASS" starttime="20190507 13:02:52.341" endtime="20190507 13:02:52.439"></status>
</kw>
<kw name="Welcome Page Should Be Open">
<kw name="Wait Until Page Does Not Contain Element" library="SeleniumLibrary">
<doc>Waits until element ``locator`` disappears from current page.</doc>
<arguments>
<arg>id:login-button</arg>
</arguments>
<status status="PASS" starttime="20190507 13:02:52.440" endtime="20190507 13:02:53.248"></status>
</kw>
<kw name="Title Should Be" library="SeleniumLibrary">
<doc>Verifies that current page title equals ``title``.</doc>
<arguments>
<arg>Welcome</arg>
</arguments>
<msg timestamp="20190507 13:02:53.258" level="INFO">Page title is 'Welcome'.</msg>
<status status="PASS" starttime="20190507 13:02:53.249" endtime="20190507 13:02:53.258"></status>
</kw>
<status status="PASS" starttime="20190507 13:02:52.439" endtime="20190507 13:02:53.258"></status>
</kw>
<kw name="Close Browser" library="SeleniumLibrary" type="teardown">
<doc>Closes the current browser.</doc>
<status status="PASS" starttime="20190507 13:02:53.259" endtime="20190507 13:02:55.388"></status>
</kw>
<status status="PASS" starttime="20190507 13:02:43.977" endtime="20190507 13:02:55.389" critical="yes"></status>
</test>
<test id="s1-t2" name="Invalid Login">
<kw name="Open Browser to test">
<kw name="Open Browser" library="SeleniumLibrary">
<doc>Opens a new browser instance to the given ``url``.</doc>
<arguments>
<arg>${LOGIN URL}</arg>
<arg>${BROWSER}</arg>
</arguments>
<msg timestamp="20190507 13:02:55.406" level="INFO">Opening browser 'Chrome' to base url 'http://localhost:8080/'.</msg>
<status status="PASS" starttime="20190507 13:02:55.405" endtime="20190507 13:02:58.840"></status>
</kw>
<kw name="Maximize Browser Window" library="SeleniumLibrary">
<doc>Maximizes current browser window.</doc>
<status status="PASS" starttime="20190507 13:02:58.840" endtime="20190507 13:03:00.194"></status>
</kw>
<kw name="Click Button" library="SeleniumLibrary">
<doc>Clicks button identified by ``locator``.</doc>
<arguments>
<arg>id:login-signup</arg>
</arguments>
<msg timestamp="20190507 13:03:00.196" level="INFO">Clicking button 'id:login-signup'.</msg>
<status status="PASS" starttime="20190507 13:03:00.195" endtime="20190507 13:03:00.338"></status>
</kw>
<status status="PASS" starttime="20190507 13:02:55.404" endtime="20190507 13:03:00.338"></status>
</kw>
<kw name="Input Username">
<arguments>
<arg>kukkikkpl</arg>
</arguments>
<kw name="Input Text" library="SeleniumLibrary">
<doc>Types the given ``text`` into text field identified by ``locator``.</doc>
<arguments>
<arg>id:username</arg>
<arg>${username}</arg>
</arguments>
<msg timestamp="20190507 13:03:00.340" level="INFO">Typing text 'kukkikkpl' into text field 'id:username'.</msg>
<status status="PASS" starttime="20190507 13:03:00.340" endtime="20190507 13:03:00.635"></status>
</kw>
<status status="PASS" starttime="20190507 13:03:00.339" endtime="20190507 13:03:00.635"></status>
</kw>
<kw name="Input Password">
<arguments>
<arg>87654321</arg>
</arguments>
<kw name="Input Text" library="SeleniumLibrary">
<doc>Types the given ``text`` into text field identified by ``locator``.</doc>
<arguments>
<arg>id:password</arg>
<arg>${password}</arg>
</arguments>
<msg timestamp="20190507 13:03:00.637" level="INFO">Typing text '87654321' into text field 'id:password'.</msg>
<status status="PASS" starttime="20190507 13:03:00.637" endtime="20190507 13:03:00.778"></status>
</kw>
<status status="PASS" starttime="20190507 13:03:00.637" endtime="20190507 13:03:00.778"></status>
</kw>
<kw name="Submit Credentials">
<kw name="Click Button" library="SeleniumLibrary">
<doc>Clicks button identified by ``locator``.</doc>
<arguments>
<arg>id:login-button</arg>
</arguments>
<msg timestamp="20190507 13:03:00.779" level="INFO">Clicking button 'id:login-button'.</msg>
<status status="PASS" starttime="20190507 13:03:00.779" endtime="20190507 13:03:00.900"></status>
</kw>
<status status="PASS" starttime="20190507 13:03:00.779" endtime="20190507 13:03:00.900"></status>
</kw>
<kw name="Still on login page">
<kw name="Title Should Be" library="SeleniumLibrary">
<doc>Verifies that current page title equals ``title``.</doc>
<arguments>
<arg>Login</arg>
</arguments>
<msg timestamp="20190507 13:03:00.914" level="INFO">Page title is 'Login'.</msg>
<status status="PASS" starttime="20190507 13:03:00.902" endtime="20190507 13:03:00.914"></status>
</kw>
<status status="PASS" starttime="20190507 13:03:00.901" endtime="20190507 13:03:00.915"></status>
</kw>
<kw name="Close Browser" library="SeleniumLibrary" type="teardown">
<doc>Closes the current browser.</doc>
<status status="PASS" starttime="20190507 13:03:00.916" endtime="20190507 13:03:03.085"></status>
</kw>
<status status="PASS" starttime="20190507 13:02:55.402" endtime="20190507 13:03:03.086" critical="yes"></status>
</test>
<doc>Simple example using SeleniumLibrary.</doc>
<status status="PASS" starttime="20190507 13:02:43.591" endtime="20190507 13:03:03.090"></status>
</suite>
<statistics>
<total>
<stat pass="2" fail="0">Critical Tests</stat>
<stat pass="2" fail="0">All Tests</stat>
</total>
<tag>
</tag>
<suite>
<stat pass="2" fail="0" id="s1" name="Test">Test</stat>
</suite>
</statistics>
<errors>
</errors>
</robot>
